  AES.cpp
  API.cpp
  tests.cpp
D:\פרקטיקום\git project\MultiDrone\Security\Security\doctest.h(3348,17): warning C4566: character represented by universal-character-name '\u05E4' cannot be represented in the current code page (1252)
  (compiling source file 'tests.cpp')
  
D:\פרקטיקום\git project\MultiDrone\Security\Security\doctest.h(3348,17): warning C4566: character represented by universal-character-name '\u05E8' cannot be represented in the current code page (1252)
  (compiling source file 'tests.cpp')
  
D:\פרקטיקום\git project\MultiDrone\Security\Security\doctest.h(3348,17): warning C4566: character represented by universal-character-name '\u05E7' cannot be represented in the current code page (1252)
  (compiling source file 'tests.cpp')
  
D:\פרקטיקום\git project\MultiDrone\Security\Security\doctest.h(3348,17): warning C4566: character represented by universal-character-name '\u05D8' cannot be represented in the current code page (1252)
  (compiling source file 'tests.cpp')
  
D:\פרקטיקום\git project\MultiDrone\Security\Security\doctest.h(3348,17): warning C4566: character represented by universal-character-name '\u05D9' cannot be represented in the current code page (1252)
  (compiling source file 'tests.cpp')
  
D:\פרקטיקום\git project\MultiDrone\Security\Security\doctest.h(3348,17): warning C4566: character represented by universal-character-name '\u05D5' cannot be represented in the current code page (1252)
  (compiling source file 'tests.cpp')
  
D:\פרקטיקום\git project\MultiDrone\Security\Security\doctest.h(3348,17): warning C4566: character represented by universal-character-name '\u05DD' cannot be represented in the current code page (1252)
  (compiling source file 'tests.cpp')
  
D:\פרקטיקום\git project\MultiDrone\Security\Security\doctest.h(3865,18): warning C4566: character represented by universal-character-name '\u05E4' cannot be represented in the current code page (1252)
  (compiling source file 'tests.cpp')
  
D:\פרקטיקום\git project\MultiDrone\Security\Security\doctest.h(3865,18): warning C4566: character represented by universal-character-name '\u05E8' cannot be represented in the current code page (1252)
  (compiling source file 'tests.cpp')
  
D:\פרקטיקום\git project\MultiDrone\Security\Security\doctest.h(3865,18): warning C4566: character represented by universal-character-name '\u05E7' cannot be represented in the current code page (1252)
  (compiling source file 'tests.cpp')
  
D:\פרקטיקום\git project\MultiDrone\Security\Security\doctest.h(3865,18): warning C4566: character represented by universal-character-name '\u05D8' cannot be represented in the current code page (1252)
  (compiling source file 'tests.cpp')
  
D:\פרקטיקום\git project\MultiDrone\Security\Security\doctest.h(3865,18): warning C4566: character represented by universal-character-name '\u05D9' cannot be represented in the current code page (1252)
  (compiling source file 'tests.cpp')
  
D:\פרקטיקום\git project\MultiDrone\Security\Security\doctest.h(3865,18): warning C4566: character represented by universal-character-name '\u05D5' cannot be represented in the current code page (1252)
  (compiling source file 'tests.cpp')
  
D:\פרקטיקום\git project\MultiDrone\Security\Security\doctest.h(3865,18): warning C4566: character represented by universal-character-name '\u05DD' cannot be represented in the current code page (1252)
  (compiling source file 'tests.cpp')
  
D:\פרקטיקום\git project\MultiDrone\Security\Security\doctest.h(5146,9): warning C4566: character represented by universal-character-name '\u05E4' cannot be represented in the current code page (1252)
  (compiling source file 'tests.cpp')
  
D:\פרקטיקום\git project\MultiDrone\Security\Security\doctest.h(5146,9): warning C4566: character represented by universal-character-name '\u05E8' cannot be represented in the current code page (1252)
  (compiling source file 'tests.cpp')
  
D:\פרקטיקום\git project\MultiDrone\Security\Security\doctest.h(5146,9): warning C4566: character represented by universal-character-name '\u05E7' cannot be represented in the current code page (1252)
  (compiling source file 'tests.cpp')
  
D:\פרקטיקום\git project\MultiDrone\Security\Security\doctest.h(5146,9): warning C4566: character represented by universal-character-name '\u05D8' cannot be represented in the current code page (1252)
  (compiling source file 'tests.cpp')
  
D:\פרקטיקום\git project\MultiDrone\Security\Security\doctest.h(5146,9): warning C4566: character represented by universal-character-name '\u05D9' cannot be represented in the current code page (1252)
  (compiling source file 'tests.cpp')
  
D:\פרקטיקום\git project\MultiDrone\Security\Security\doctest.h(5146,9): warning C4566: character represented by universal-character-name '\u05D5' cannot be represented in the current code page (1252)
  (compiling source file 'tests.cpp')
  
D:\פרקטיקום\git project\MultiDrone\Security\Security\doctest.h(5146,9): warning C4566: character represented by universal-character-name '\u05DD' cannot be represented in the current code page (1252)
  (compiling source file 'tests.cpp')
  
D:\פרקטיקום\git project\MultiDrone\Security\Security\doctest.h(5159,9): warning C4566: character represented by universal-character-name '\u05E4' cannot be represented in the current code page (1252)
  (compiling source file 'tests.cpp')
  
D:\פרקטיקום\git project\MultiDrone\Security\Security\doctest.h(5159,9): warning C4566: character represented by universal-character-name '\u05E8' cannot be represented in the current code page (1252)
  (compiling source file 'tests.cpp')
  
D:\פרקטיקום\git project\MultiDrone\Security\Security\doctest.h(5159,9): warning C4566: character represented by universal-character-name '\u05E7' cannot be represented in the current code page (1252)
  (compiling source file 'tests.cpp')
  
D:\פרקטיקום\git project\MultiDrone\Security\Security\doctest.h(5159,9): warning C4566: character represented by universal-character-name '\u05D8' cannot be represented in the current code page (1252)
  (compiling source file 'tests.cpp')
  
D:\פרקטיקום\git project\MultiDrone\Security\Security\doctest.h(5159,9): warning C4566: character represented by universal-character-name '\u05D9' cannot be represented in the current code page (1252)
  (compiling source file 'tests.cpp')
  
D:\פרקטיקום\git project\MultiDrone\Security\Security\doctest.h(5159,9): warning C4566: character represented by universal-character-name '\u05D5' cannot be represented in the current code page (1252)
  (compiling source file 'tests.cpp')
  
D:\פרקטיקום\git project\MultiDrone\Security\Security\doctest.h(5159,9): warning C4566: character represented by universal-character-name '\u05DD' cannot be represented in the current code page (1252)
  (compiling source file 'tests.cpp')
  
D:\פרקטיקום\git project\MultiDrone\Security\Security\tests.cpp(9,1): warning C4566: character represented by universal-character-name '\u05E4' cannot be represented in the current code page (1252)
D:\פרקטיקום\git project\MultiDrone\Security\Security\tests.cpp(9,1): warning C4566: character represented by universal-character-name '\u05E8' cannot be represented in the current code page (1252)
D:\פרקטיקום\git project\MultiDrone\Security\Security\tests.cpp(9,1): warning C4566: character represented by universal-character-name '\u05E7' cannot be represented in the current code page (1252)
D:\פרקטיקום\git project\MultiDrone\Security\Security\tests.cpp(9,1): warning C4566: character represented by universal-character-name '\u05D8' cannot be represented in the current code page (1252)
D:\פרקטיקום\git project\MultiDrone\Security\Security\tests.cpp(9,1): warning C4566: character represented by universal-character-name '\u05D9' cannot be represented in the current code page (1252)
D:\פרקטיקום\git project\MultiDrone\Security\Security\tests.cpp(9,1): warning C4566: character represented by universal-character-name '\u05D5' cannot be represented in the current code page (1252)
D:\פרקטיקום\git project\MultiDrone\Security\Security\tests.cpp(9,1): warning C4566: character represented by universal-character-name '\u05DD' cannot be represented in the current code page (1252)
D:\פרקטיקום\git project\MultiDrone\Security\Security\tests.cpp(19,5): warning C4566: character represented by universal-character-name '\u05E4' cannot be represented in the current code page (1252)
D:\פרקטיקום\git project\MultiDrone\Security\Security\tests.cpp(19,5): warning C4566: character represented by universal-character-name '\u05E8' cannot be represented in the current code page (1252)
D:\פרקטיקום\git project\MultiDrone\Security\Security\tests.cpp(19,5): warning C4566: character represented by universal-character-name '\u05E7' cannot be represented in the current code page (1252)
D:\פרקטיקום\git project\MultiDrone\Security\Security\tests.cpp(19,5): warning C4566: character represented by universal-character-name '\u05D8' cannot be represented in the current code page (1252)
D:\פרקטיקום\git project\MultiDrone\Security\Security\tests.cpp(19,5): warning C4566: character represented by universal-character-name '\u05D9' cannot be represented in the current code page (1252)
D:\פרקטיקום\git project\MultiDrone\Security\Security\tests.cpp(19,5): warning C4566: character represented by universal-character-name '\u05D5' cannot be represented in the current code page (1252)
D:\פרקטיקום\git project\MultiDrone\Security\Security\tests.cpp(19,5): warning C4566: character represented by universal-character-name '\u05DD' cannot be represented in the current code page (1252)
D:\פרקטיקום\git project\MultiDrone\Security\Security\tests.cpp(20,5): warning C4566: character represented by universal-character-name '\u05E4' cannot be represented in the current code page (1252)
D:\פרקטיקום\git project\MultiDrone\Security\Security\tests.cpp(20,5): warning C4566: character represented by universal-character-name '\u05E8' cannot be represented in the current code page (1252)
D:\פרקטיקום\git project\MultiDrone\Security\Security\tests.cpp(20,5): warning C4566: character represented by universal-character-name '\u05E7' cannot be represented in the current code page (1252)
D:\פרקטיקום\git project\MultiDrone\Security\Security\tests.cpp(20,5): warning C4566: character represented by universal-character-name '\u05D8' cannot be represented in the current code page (1252)
D:\פרקטיקום\git project\MultiDrone\Security\Security\tests.cpp(20,5): warning C4566: character represented by universal-character-name '\u05D9' cannot be represented in the current code page (1252)
D:\פרקטיקום\git project\MultiDrone\Security\Security\tests.cpp(20,5): warning C4566: character represented by universal-character-name '\u05D5' cannot be represented in the current code page (1252)
D:\פרקטיקום\git project\MultiDrone\Security\Security\tests.cpp(20,5): warning C4566: character represented by universal-character-name '\u05DD' cannot be represented in the current code page (1252)
D:\פרקטיקום\git project\MultiDrone\Security\Security\tests.cpp(124,1): warning C4566: character represented by universal-character-name '\u05E4' cannot be represented in the current code page (1252)
D:\פרקטיקום\git project\MultiDrone\Security\Security\tests.cpp(124,1): warning C4566: character represented by universal-character-name '\u05E8' cannot be represented in the current code page (1252)
D:\פרקטיקום\git project\MultiDrone\Security\Security\tests.cpp(124,1): warning C4566: character represented by universal-character-name '\u05E7' cannot be represented in the current code page (1252)
D:\פרקטיקום\git project\MultiDrone\Security\Security\tests.cpp(124,1): warning C4566: character represented by universal-character-name '\u05D8' cannot be represented in the current code page (1252)
D:\פרקטיקום\git project\MultiDrone\Security\Security\tests.cpp(124,1): warning C4566: character represented by universal-character-name '\u05D9' cannot be represented in the current code page (1252)
D:\פרקטיקום\git project\MultiDrone\Security\Security\tests.cpp(124,1): warning C4566: character represented by universal-character-name '\u05D5' cannot be represented in the current code page (1252)
D:\פרקטיקום\git project\MultiDrone\Security\Security\tests.cpp(124,1): warning C4566: character represented by universal-character-name '\u05DD' cannot be represented in the current code page (1252)
D:\פרקטיקום\git project\MultiDrone\Security\Security\tests.cpp(150,9): warning C4566: character represented by universal-character-name '\u05E4' cannot be represented in the current code page (1252)
D:\פרקטיקום\git project\MultiDrone\Security\Security\tests.cpp(150,9): warning C4566: character represented by universal-character-name '\u05E8' cannot be represented in the current code page (1252)
D:\פרקטיקום\git project\MultiDrone\Security\Security\tests.cpp(150,9): warning C4566: character represented by universal-character-name '\u05E7' cannot be represented in the current code page (1252)
D:\פרקטיקום\git project\MultiDrone\Security\Security\tests.cpp(150,9): warning C4566: character represented by universal-character-name '\u05D8' cannot be represented in the current code page (1252)
D:\פרקטיקום\git project\MultiDrone\Security\Security\tests.cpp(150,9): warning C4566: character represented by universal-character-name '\u05D9' cannot be represented in the current code page (1252)
D:\פרקטיקום\git project\MultiDrone\Security\Security\tests.cpp(150,9): warning C4566: character represented by universal-character-name '\u05D5' cannot be represented in the current code page (1252)
D:\פרקטיקום\git project\MultiDrone\Security\Security\tests.cpp(150,9): warning C4566: character represented by universal-character-name '\u05DD' cannot be represented in the current code page (1252)
D:\פרקטיקום\git project\MultiDrone\Security\Security\tests.cpp(160,9): warning C4566: character represented by universal-character-name '\u05E4' cannot be represented in the current code page (1252)
D:\פרקטיקום\git project\MultiDrone\Security\Security\tests.cpp(160,9): warning C4566: character represented by universal-character-name '\u05E8' cannot be represented in the current code page (1252)
D:\פרקטיקום\git project\MultiDrone\Security\Security\tests.cpp(160,9): warning C4566: character represented by universal-character-name '\u05E7' cannot be represented in the current code page (1252)
D:\פרקטיקום\git project\MultiDrone\Security\Security\tests.cpp(160,9): warning C4566: character represented by universal-character-name '\u05D8' cannot be represented in the current code page (1252)
D:\פרקטיקום\git project\MultiDrone\Security\Security\tests.cpp(160,9): warning C4566: character represented by universal-character-name '\u05D9' cannot be represented in the current code page (1252)
D:\פרקטיקום\git project\MultiDrone\Security\Security\tests.cpp(160,9): warning C4566: character represented by universal-character-name '\u05D5' cannot be represented in the current code page (1252)
D:\פרקטיקום\git project\MultiDrone\Security\Security\tests.cpp(160,9): warning C4566: character represented by universal-character-name '\u05DD' cannot be represented in the current code page (1252)
D:\פרקטיקום\git project\MultiDrone\Security\Security\tests.cpp(170,9): warning C4566: character represented by universal-character-name '\u05E4' cannot be represented in the current code page (1252)
D:\פרקטיקום\git project\MultiDrone\Security\Security\tests.cpp(170,9): warning C4566: character represented by universal-character-name '\u05E8' cannot be represented in the current code page (1252)
D:\פרקטיקום\git project\MultiDrone\Security\Security\tests.cpp(170,9): warning C4566: character represented by universal-character-name '\u05E7' cannot be represented in the current code page (1252)
D:\פרקטיקום\git project\MultiDrone\Security\Security\tests.cpp(170,9): warning C4566: character represented by universal-character-name '\u05D8' cannot be represented in the current code page (1252)
D:\פרקטיקום\git project\MultiDrone\Security\Security\tests.cpp(170,9): warning C4566: character represented by universal-character-name '\u05D9' cannot be represented in the current code page (1252)
D:\פרקטיקום\git project\MultiDrone\Security\Security\tests.cpp(170,9): warning C4566: character represented by universal-character-name '\u05D5' cannot be represented in the current code page (1252)
D:\פרקטיקום\git project\MultiDrone\Security\Security\tests.cpp(170,9): warning C4566: character represented by universal-character-name '\u05DD' cannot be represented in the current code page (1252)
D:\פרקטיקום\git project\MultiDrone\Security\Security\tests.cpp(183,9): warning C4566: character represented by universal-character-name '\u05E4' cannot be represented in the current code page (1252)
D:\פרקטיקום\git project\MultiDrone\Security\Security\tests.cpp(183,9): warning C4566: character represented by universal-character-name '\u05E8' cannot be represented in the current code page (1252)
D:\פרקטיקום\git project\MultiDrone\Security\Security\tests.cpp(183,9): warning C4566: character represented by universal-character-name '\u05E7' cannot be represented in the current code page (1252)
D:\פרקטיקום\git project\MultiDrone\Security\Security\tests.cpp(183,9): warning C4566: character represented by universal-character-name '\u05D8' cannot be represented in the current code page (1252)
D:\פרקטיקום\git project\MultiDrone\Security\Security\tests.cpp(183,9): warning C4566: character represented by universal-character-name '\u05D9' cannot be represented in the current code page (1252)
D:\פרקטיקום\git project\MultiDrone\Security\Security\tests.cpp(183,9): warning C4566: character represented by universal-character-name '\u05D5' cannot be represented in the current code page (1252)
D:\פרקטיקום\git project\MultiDrone\Security\Security\tests.cpp(183,9): warning C4566: character represented by universal-character-name '\u05DD' cannot be represented in the current code page (1252)
D:\פרקטיקום\git project\MultiDrone\Security\Security\tests.cpp(186,1): warning C4566: character represented by universal-character-name '\u05E4' cannot be represented in the current code page (1252)
D:\פרקטיקום\git project\MultiDrone\Security\Security\tests.cpp(186,1): warning C4566: character represented by universal-character-name '\u05E8' cannot be represented in the current code page (1252)
D:\פרקטיקום\git project\MultiDrone\Security\Security\tests.cpp(186,1): warning C4566: character represented by universal-character-name '\u05E7' cannot be represented in the current code page (1252)
D:\פרקטיקום\git project\MultiDrone\Security\Security\tests.cpp(186,1): warning C4566: character represented by universal-character-name '\u05D8' cannot be represented in the current code page (1252)
D:\פרקטיקום\git project\MultiDrone\Security\Security\tests.cpp(186,1): warning C4566: character represented by universal-character-name '\u05D9' cannot be represented in the current code page (1252)
D:\פרקטיקום\git project\MultiDrone\Security\Security\tests.cpp(186,1): warning C4566: character represented by universal-character-name '\u05D5' cannot be represented in the current code page (1252)
D:\פרקטיקום\git project\MultiDrone\Security\Security\tests.cpp(186,1): warning C4566: character represented by universal-character-name '\u05DD' cannot be represented in the current code page (1252)
D:\פרקטיקום\git project\MultiDrone\Security\Security\tests.cpp(193,5): warning C4566: character represented by universal-character-name '\u05E4' cannot be represented in the current code page (1252)
D:\פרקטיקום\git project\MultiDrone\Security\Security\tests.cpp(193,5): warning C4566: character represented by universal-character-name '\u05E8' cannot be represented in the current code page (1252)
D:\פרקטיקום\git project\MultiDrone\Security\Security\tests.cpp(193,5): warning C4566: character represented by universal-character-name '\u05E7' cannot be represented in the current code page (1252)
D:\פרקטיקום\git project\MultiDrone\Security\Security\tests.cpp(193,5): warning C4566: character represented by universal-character-name '\u05D8' cannot be represented in the current code page (1252)
D:\פרקטיקום\git project\MultiDrone\Security\Security\tests.cpp(193,5): warning C4566: character represented by universal-character-name '\u05D9' cannot be represented in the current code page (1252)
D:\פרקטיקום\git project\MultiDrone\Security\Security\tests.cpp(193,5): warning C4566: character represented by universal-character-name '\u05D5' cannot be represented in the current code page (1252)
D:\פרקטיקום\git project\MultiDrone\Security\Security\tests.cpp(193,5): warning C4566: character represented by universal-character-name '\u05DD' cannot be represented in the current code page (1252)
D:\פרקטיקום\git project\MultiDrone\Security\Security\tests.cpp(194,5): warning C4566: character represented by universal-character-name '\u05E4' cannot be represented in the current code page (1252)
D:\פרקטיקום\git project\MultiDrone\Security\Security\tests.cpp(194,5): warning C4566: character represented by universal-character-name '\u05E8' cannot be represented in the current code page (1252)
D:\פרקטיקום\git project\MultiDrone\Security\Security\tests.cpp(194,5): warning C4566: character represented by universal-character-name '\u05E7' cannot be represented in the current code page (1252)
D:\פרקטיקום\git project\MultiDrone\Security\Security\tests.cpp(194,5): warning C4566: character represented by universal-character-name '\u05D8' cannot be represented in the current code page (1252)
D:\פרקטיקום\git project\MultiDrone\Security\Security\tests.cpp(194,5): warning C4566: character represented by universal-character-name '\u05D9' cannot be represented in the current code page (1252)
D:\פרקטיקום\git project\MultiDrone\Security\Security\tests.cpp(194,5): warning C4566: character represented by universal-character-name '\u05D5' cannot be represented in the current code page (1252)
D:\פרקטיקום\git project\MultiDrone\Security\Security\tests.cpp(194,5): warning C4566: character represented by universal-character-name '\u05DD' cannot be represented in the current code page (1252)
D:\פרקטיקום\git project\MultiDrone\Security\Security\tests.cpp(195,5): warning C4566: character represented by universal-character-name '\u05E4' cannot be represented in the current code page (1252)
D:\פרקטיקום\git project\MultiDrone\Security\Security\tests.cpp(195,5): warning C4566: character represented by universal-character-name '\u05E8' cannot be represented in the current code page (1252)
D:\פרקטיקום\git project\MultiDrone\Security\Security\tests.cpp(195,5): warning C4566: character represented by universal-character-name '\u05E7' cannot be represented in the current code page (1252)
D:\פרקטיקום\git project\MultiDrone\Security\Security\tests.cpp(195,5): warning C4566: character represented by universal-character-name '\u05D8' cannot be represented in the current code page (1252)
D:\פרקטיקום\git project\MultiDrone\Security\Security\tests.cpp(195,5): warning C4566: character represented by universal-character-name '\u05D9' cannot be represented in the current code page (1252)
D:\פרקטיקום\git project\MultiDrone\Security\Security\tests.cpp(195,5): warning C4566: character represented by universal-character-name '\u05D5' cannot be represented in the current code page (1252)
D:\פרקטיקום\git project\MultiDrone\Security\Security\tests.cpp(195,5): warning C4566: character represented by universal-character-name '\u05DD' cannot be represented in the current code page (1252)
D:\פרקטיקום\git project\MultiDrone\Security\Security\tests.cpp(196,5): warning C4566: character represented by universal-character-name '\u05E4' cannot be represented in the current code page (1252)
D:\פרקטיקום\git project\MultiDrone\Security\Security\tests.cpp(196,5): warning C4566: character represented by universal-character-name '\u05E8' cannot be represented in the current code page (1252)
D:\פרקטיקום\git project\MultiDrone\Security\Security\tests.cpp(196,5): warning C4566: character represented by universal-character-name '\u05E7' cannot be represented in the current code page (1252)
D:\פרקטיקום\git project\MultiDrone\Security\Security\tests.cpp(196,5): warning C4566: character represented by universal-character-name '\u05D8' cannot be represented in the current code page (1252)
D:\פרקטיקום\git project\MultiDrone\Security\Security\tests.cpp(196,5): warning C4566: character represented by universal-character-name '\u05D9' cannot be represented in the current code page (1252)
D:\פרקטיקום\git project\MultiDrone\Security\Security\tests.cpp(196,5): warning C4566: character represented by universal-character-name '\u05D5' cannot be represented in the current code page (1252)
D:\פרקטיקום\git project\MultiDrone\Security\Security\tests.cpp(196,5): warning C4566: character represented by universal-character-name '\u05DD' cannot be represented in the current code page (1252)
D:\פרקטיקום\git project\MultiDrone\Security\Security\tests.cpp(198,1): warning C4566: character represented by universal-character-name '\u05E4' cannot be represented in the current code page (1252)
D:\פרקטיקום\git project\MultiDrone\Security\Security\tests.cpp(198,1): warning C4566: character represented by universal-character-name '\u05E8' cannot be represented in the current code page (1252)
D:\פרקטיקום\git project\MultiDrone\Security\Security\tests.cpp(198,1): warning C4566: character represented by universal-character-name '\u05E7' cannot be represented in the current code page (1252)
D:\פרקטיקום\git project\MultiDrone\Security\Security\tests.cpp(198,1): warning C4566: character represented by universal-character-name '\u05D8' cannot be represented in the current code page (1252)
D:\פרקטיקום\git project\MultiDrone\Security\Security\tests.cpp(198,1): warning C4566: character represented by universal-character-name '\u05D9' cannot be represented in the current code page (1252)
D:\פרקטיקום\git project\MultiDrone\Security\Security\tests.cpp(198,1): warning C4566: character represented by universal-character-name '\u05D5' cannot be represented in the current code page (1252)
D:\פרקטיקום\git project\MultiDrone\Security\Security\tests.cpp(198,1): warning C4566: character represented by universal-character-name '\u05DD' cannot be represented in the current code page (1252)
D:\פרקטיקום\git project\MultiDrone\Security\Security\tests.cpp(202,5): warning C4566: character represented by universal-character-name '\u05E4' cannot be represented in the current code page (1252)
D:\פרקטיקום\git project\MultiDrone\Security\Security\tests.cpp(202,5): warning C4566: character represented by universal-character-name '\u05E8' cannot be represented in the current code page (1252)
D:\פרקטיקום\git project\MultiDrone\Security\Security\tests.cpp(202,5): warning C4566: character represented by universal-character-name '\u05E7' cannot be represented in the current code page (1252)
D:\פרקטיקום\git project\MultiDrone\Security\Security\tests.cpp(202,5): warning C4566: character represented by universal-character-name '\u05D8' cannot be represented in the current code page (1252)
D:\פרקטיקום\git project\MultiDrone\Security\Security\tests.cpp(202,5): warning C4566: character represented by universal-character-name '\u05D9' cannot be represented in the current code page (1252)
D:\פרקטיקום\git project\MultiDrone\Security\Security\tests.cpp(202,5): warning C4566: character represented by universal-character-name '\u05D5' cannot be represented in the current code page (1252)
D:\פרקטיקום\git project\MultiDrone\Security\Security\tests.cpp(202,5): warning C4566: character represented by universal-character-name '\u05DD' cannot be represented in the current code page (1252)
D:\פרקטיקום\git project\MultiDrone\Security\Security\tests.cpp(203,5): warning C4566: character represented by universal-character-name '\u05E4' cannot be represented in the current code page (1252)
D:\פרקטיקום\git project\MultiDrone\Security\Security\tests.cpp(203,5): warning C4566: character represented by universal-character-name '\u05E8' cannot be represented in the current code page (1252)
D:\פרקטיקום\git project\MultiDrone\Security\Security\tests.cpp(203,5): warning C4566: character represented by universal-character-name '\u05E7' cannot be represented in the current code page (1252)
D:\פרקטיקום\git project\MultiDrone\Security\Security\tests.cpp(203,5): warning C4566: character represented by universal-character-name '\u05D8' cannot be represented in the current code page (1252)
D:\פרקטיקום\git project\MultiDrone\Security\Security\tests.cpp(203,5): warning C4566: character represented by universal-character-name '\u05D9' cannot be represented in the current code page (1252)
D:\פרקטיקום\git project\MultiDrone\Security\Security\tests.cpp(203,5): warning C4566: character represented by universal-character-name '\u05D5' cannot be represented in the current code page (1252)
D:\פרקטיקום\git project\MultiDrone\Security\Security\tests.cpp(203,5): warning C4566: character represented by universal-character-name '\u05DD' cannot be represented in the current code page (1252)
D:\פרקטיקום\git project\MultiDrone\Security\Security\tests.cpp(204,5): warning C4566: character represented by universal-character-name '\u05E4' cannot be represented in the current code page (1252)
D:\פרקטיקום\git project\MultiDrone\Security\Security\tests.cpp(204,5): warning C4566: character represented by universal-character-name '\u05E8' cannot be represented in the current code page (1252)
D:\פרקטיקום\git project\MultiDrone\Security\Security\tests.cpp(204,5): warning C4566: character represented by universal-character-name '\u05E7' cannot be represented in the current code page (1252)
D:\פרקטיקום\git project\MultiDrone\Security\Security\tests.cpp(204,5): warning C4566: character represented by universal-character-name '\u05D8' cannot be represented in the current code page (1252)
D:\פרקטיקום\git project\MultiDrone\Security\Security\tests.cpp(204,5): warning C4566: character represented by universal-character-name '\u05D9' cannot be represented in the current code page (1252)
D:\פרקטיקום\git project\MultiDrone\Security\Security\tests.cpp(204,5): warning C4566: character represented by universal-character-name '\u05D5' cannot be represented in the current code page (1252)
D:\פרקטיקום\git project\MultiDrone\Security\Security\tests.cpp(204,5): warning C4566: character represented by universal-character-name '\u05DD' cannot be represented in the current code page (1252)
D:\פרקטיקום\git project\MultiDrone\Security\Security\tests.cpp(205,5): warning C4566: character represented by universal-character-name '\u05E4' cannot be represented in the current code page (1252)
D:\פרקטיקום\git project\MultiDrone\Security\Security\tests.cpp(205,5): warning C4566: character represented by universal-character-name '\u05E8' cannot be represented in the current code page (1252)
D:\פרקטיקום\git project\MultiDrone\Security\Security\tests.cpp(205,5): warning C4566: character represented by universal-character-name '\u05E7' cannot be represented in the current code page (1252)
D:\פרקטיקום\git project\MultiDrone\Security\Security\tests.cpp(205,5): warning C4566: character represented by universal-character-name '\u05D8' cannot be represented in the current code page (1252)
D:\פרקטיקום\git project\MultiDrone\Security\Security\tests.cpp(205,5): warning C4566: character represented by universal-character-name '\u05D9' cannot be represented in the current code page (1252)
D:\פרקטיקום\git project\MultiDrone\Security\Security\tests.cpp(205,5): warning C4566: character represented by universal-character-name '\u05D5' cannot be represented in the current code page (1252)
D:\פרקטיקום\git project\MultiDrone\Security\Security\tests.cpp(205,5): warning C4566: character represented by universal-character-name '\u05DD' cannot be represented in the current code page (1252)
D:\פרקטיקום\git project\MultiDrone\Security\Security\tests.cpp(208,5): warning C4566: character represented by universal-character-name '\u05E4' cannot be represented in the current code page (1252)
D:\פרקטיקום\git project\MultiDrone\Security\Security\tests.cpp(208,5): warning C4566: character represented by universal-character-name '\u05E8' cannot be represented in the current code page (1252)
D:\פרקטיקום\git project\MultiDrone\Security\Security\tests.cpp(208,5): warning C4566: character represented by universal-character-name '\u05E7' cannot be represented in the current code page (1252)
D:\פרקטיקום\git project\MultiDrone\Security\Security\tests.cpp(208,5): warning C4566: character represented by universal-character-name '\u05D8' cannot be represented in the current code page (1252)
D:\פרקטיקום\git project\MultiDrone\Security\Security\tests.cpp(208,5): warning C4566: character represented by universal-character-name '\u05D9' cannot be represented in the current code page (1252)
D:\פרקטיקום\git project\MultiDrone\Security\Security\tests.cpp(208,5): warning C4566: character represented by universal-character-name '\u05D5' cannot be represented in the current code page (1252)
D:\פרקטיקום\git project\MultiDrone\Security\Security\tests.cpp(208,5): warning C4566: character represented by universal-character-name '\u05DD' cannot be represented in the current code page (1252)
D:\פרקטיקום\git project\MultiDrone\Security\Security\tests.cpp(209,5): warning C4566: character represented by universal-character-name '\u05E4' cannot be represented in the current code page (1252)
D:\פרקטיקום\git project\MultiDrone\Security\Security\tests.cpp(209,5): warning C4566: character represented by universal-character-name '\u05E8' cannot be represented in the current code page (1252)
D:\פרקטיקום\git project\MultiDrone\Security\Security\tests.cpp(209,5): warning C4566: character represented by universal-character-name '\u05E7' cannot be represented in the current code page (1252)
D:\פרקטיקום\git project\MultiDrone\Security\Security\tests.cpp(209,5): warning C4566: character represented by universal-character-name '\u05D8' cannot be represented in the current code page (1252)
D:\פרקטיקום\git project\MultiDrone\Security\Security\tests.cpp(209,5): warning C4566: character represented by universal-character-name '\u05D9' cannot be represented in the current code page (1252)
D:\פרקטיקום\git project\MultiDrone\Security\Security\tests.cpp(209,5): warning C4566: character represented by universal-character-name '\u05D5' cannot be represented in the current code page (1252)
D:\פרקטיקום\git project\MultiDrone\Security\Security\tests.cpp(209,5): warning C4566: character represented by universal-character-name '\u05DD' cannot be represented in the current code page (1252)
D:\פרקטיקום\git project\MultiDrone\Security\Security\tests.cpp(210,5): warning C4566: character represented by universal-character-name '\u05E4' cannot be represented in the current code page (1252)
D:\פרקטיקום\git project\MultiDrone\Security\Security\tests.cpp(210,5): warning C4566: character represented by universal-character-name '\u05E8' cannot be represented in the current code page (1252)
D:\פרקטיקום\git project\MultiDrone\Security\Security\tests.cpp(210,5): warning C4566: character represented by universal-character-name '\u05E7' cannot be represented in the current code page (1252)
D:\פרקטיקום\git project\MultiDrone\Security\Security\tests.cpp(210,5): warning C4566: character represented by universal-character-name '\u05D8' cannot be represented in the current code page (1252)
D:\פרקטיקום\git project\MultiDrone\Security\Security\tests.cpp(210,5): warning C4566: character represented by universal-character-name '\u05D9' cannot be represented in the current code page (1252)
D:\פרקטיקום\git project\MultiDrone\Security\Security\tests.cpp(210,5): warning C4566: character represented by universal-character-name '\u05D5' cannot be represented in the current code page (1252)
D:\פרקטיקום\git project\MultiDrone\Security\Security\tests.cpp(210,5): warning C4566: character represented by universal-character-name '\u05DD' cannot be represented in the current code page (1252)
D:\פרקטיקום\git project\MultiDrone\Security\Security\tests.cpp(211,5): warning C4566: character represented by universal-character-name '\u05E4' cannot be represented in the current code page (1252)
D:\פרקטיקום\git project\MultiDrone\Security\Security\tests.cpp(211,5): warning C4566: character represented by universal-character-name '\u05E8' cannot be represented in the current code page (1252)
D:\פרקטיקום\git project\MultiDrone\Security\Security\tests.cpp(211,5): warning C4566: character represented by universal-character-name '\u05E7' cannot be represented in the current code page (1252)
D:\פרקטיקום\git project\MultiDrone\Security\Security\tests.cpp(211,5): warning C4566: character represented by universal-character-name '\u05D8' cannot be represented in the current code page (1252)
D:\פרקטיקום\git project\MultiDrone\Security\Security\tests.cpp(211,5): warning C4566: character represented by universal-character-name '\u05D9' cannot be represented in the current code page (1252)
D:\פרקטיקום\git project\MultiDrone\Security\Security\tests.cpp(211,5): warning C4566: character represented by universal-character-name '\u05D5' cannot be represented in the current code page (1252)
D:\פרקטיקום\git project\MultiDrone\Security\Security\tests.cpp(211,5): warning C4566: character represented by universal-character-name '\u05DD' cannot be represented in the current code page (1252)
D:\פרקטיקום\git project\MultiDrone\Security\Security\tests.cpp(213,1): warning C4566: character represented by universal-character-name '\u05E4' cannot be represented in the current code page (1252)
D:\פרקטיקום\git project\MultiDrone\Security\Security\tests.cpp(213,1): warning C4566: character represented by universal-character-name '\u05E8' cannot be represented in the current code page (1252)
D:\פרקטיקום\git project\MultiDrone\Security\Security\tests.cpp(213,1): warning C4566: character represented by universal-character-name '\u05E7' cannot be represented in the current code page (1252)
D:\פרקטיקום\git project\MultiDrone\Security\Security\tests.cpp(213,1): warning C4566: character represented by universal-character-name '\u05D8' cannot be represented in the current code page (1252)
D:\פרקטיקום\git project\MultiDrone\Security\Security\tests.cpp(213,1): warning C4566: character represented by universal-character-name '\u05D9' cannot be represented in the current code page (1252)
D:\פרקטיקום\git project\MultiDrone\Security\Security\tests.cpp(213,1): warning C4566: character represented by universal-character-name '\u05D5' cannot be represented in the current code page (1252)
D:\פרקטיקום\git project\MultiDrone\Security\Security\tests.cpp(213,1): warning C4566: character represented by universal-character-name '\u05DD' cannot be represented in the current code page (1252)
D:\פרקטיקום\git project\MultiDrone\Security\Security\tests.cpp(232,13): warning C4566: character represented by universal-character-name '\u05E4' cannot be represented in the current code page (1252)
D:\פרקטיקום\git project\MultiDrone\Security\Security\tests.cpp(232,13): warning C4566: character represented by universal-character-name '\u05E8' cannot be represented in the current code page (1252)
D:\פרקטיקום\git project\MultiDrone\Security\Security\tests.cpp(232,13): warning C4566: character represented by universal-character-name '\u05E7' cannot be represented in the current code page (1252)
D:\פרקטיקום\git project\MultiDrone\Security\Security\tests.cpp(232,13): warning C4566: character represented by universal-character-name '\u05D8' cannot be represented in the current code page (1252)
D:\פרקטיקום\git project\MultiDrone\Security\Security\tests.cpp(232,13): warning C4566: character represented by universal-character-name '\u05D9' cannot be represented in the current code page (1252)
D:\פרקטיקום\git project\MultiDrone\Security\Security\tests.cpp(232,13): warning C4566: character represented by universal-character-name '\u05D5' cannot be represented in the current code page (1252)
D:\פרקטיקום\git project\MultiDrone\Security\Security\tests.cpp(232,13): warning C4566: character represented by universal-character-name '\u05DD' cannot be represented in the current code page (1252)
D:\פרקטיקום\git project\MultiDrone\Security\Security\tests.cpp(253,13): warning C4566: character represented by universal-character-name '\u05E4' cannot be represented in the current code page (1252)
D:\פרקטיקום\git project\MultiDrone\Security\Security\tests.cpp(253,13): warning C4566: character represented by universal-character-name '\u05E8' cannot be represented in the current code page (1252)
D:\פרקטיקום\git project\MultiDrone\Security\Security\tests.cpp(253,13): warning C4566: character represented by universal-character-name '\u05E7' cannot be represented in the current code page (1252)
D:\פרקטיקום\git project\MultiDrone\Security\Security\tests.cpp(253,13): warning C4566: character represented by universal-character-name '\u05D8' cannot be represented in the current code page (1252)
D:\פרקטיקום\git project\MultiDrone\Security\Security\tests.cpp(253,13): warning C4566: character represented by universal-character-name '\u05D9' cannot be represented in the current code page (1252)
D:\פרקטיקום\git project\MultiDrone\Security\Security\tests.cpp(253,13): warning C4566: character represented by universal-character-name '\u05D5' cannot be represented in the current code page (1252)
D:\פרקטיקום\git project\MultiDrone\Security\Security\tests.cpp(253,13): warning C4566: character represented by universal-character-name '\u05DD' cannot be represented in the current code page (1252)
D:\פרקטיקום\git project\MultiDrone\Security\Security\tests.cpp(257,1): warning C4566: character represented by universal-character-name '\u05E4' cannot be represented in the current code page (1252)
D:\פרקטיקום\git project\MultiDrone\Security\Security\tests.cpp(257,1): warning C4566: character represented by universal-character-name '\u05E8' cannot be represented in the current code page (1252)
D:\פרקטיקום\git project\MultiDrone\Security\Security\tests.cpp(257,1): warning C4566: character represented by universal-character-name '\u05E7' cannot be represented in the current code page (1252)
D:\פרקטיקום\git project\MultiDrone\Security\Security\tests.cpp(257,1): warning C4566: character represented by universal-character-name '\u05D8' cannot be represented in the current code page (1252)
D:\פרקטיקום\git project\MultiDrone\Security\Security\tests.cpp(257,1): warning C4566: character represented by universal-character-name '\u05D9' cannot be represented in the current code page (1252)
D:\פרקטיקום\git project\MultiDrone\Security\Security\tests.cpp(257,1): warning C4566: character represented by universal-character-name '\u05D5' cannot be represented in the current code page (1252)
D:\פרקטיקום\git project\MultiDrone\Security\Security\tests.cpp(257,1): warning C4566: character represented by universal-character-name '\u05DD' cannot be represented in the current code page (1252)
D:\פרקטיקום\git project\MultiDrone\Security\Security\tests.cpp(277,13): warning C4566: character represented by universal-character-name '\u05E4' cannot be represented in the current code page (1252)
D:\פרקטיקום\git project\MultiDrone\Security\Security\tests.cpp(277,13): warning C4566: character represented by universal-character-name '\u05E8' cannot be represented in the current code page (1252)
D:\פרקטיקום\git project\MultiDrone\Security\Security\tests.cpp(277,13): warning C4566: character represented by universal-character-name '\u05E7' cannot be represented in the current code page (1252)
D:\פרקטיקום\git project\MultiDrone\Security\Security\tests.cpp(277,13): warning C4566: character represented by universal-character-name '\u05D8' cannot be represented in the current code page (1252)
D:\פרקטיקום\git project\MultiDrone\Security\Security\tests.cpp(277,13): warning C4566: character represented by universal-character-name '\u05D9' cannot be represented in the current code page (1252)
D:\פרקטיקום\git project\MultiDrone\Security\Security\tests.cpp(277,13): warning C4566: character represented by universal-character-name '\u05D5' cannot be represented in the current code page (1252)
D:\פרקטיקום\git project\MultiDrone\Security\Security\tests.cpp(277,13): warning C4566: character represented by universal-character-name '\u05DD' cannot be represented in the current code page (1252)
D:\פרקטיקום\git project\MultiDrone\Security\Security\tests.cpp(299,13): warning C4566: character represented by universal-character-name '\u05E4' cannot be represented in the current code page (1252)
D:\פרקטיקום\git project\MultiDrone\Security\Security\tests.cpp(299,13): warning C4566: character represented by universal-character-name '\u05E8' cannot be represented in the current code page (1252)
D:\פרקטיקום\git project\MultiDrone\Security\Security\tests.cpp(299,13): warning C4566: character represented by universal-character-name '\u05E7' cannot be represented in the current code page (1252)
D:\פרקטיקום\git project\MultiDrone\Security\Security\tests.cpp(299,13): warning C4566: character represented by universal-character-name '\u05D8' cannot be represented in the current code page (1252)
D:\פרקטיקום\git project\MultiDrone\Security\Security\tests.cpp(299,13): warning C4566: character represented by universal-character-name '\u05D9' cannot be represented in the current code page (1252)
D:\פרקטיקום\git project\MultiDrone\Security\Security\tests.cpp(299,13): warning C4566: character represented by universal-character-name '\u05D5' cannot be represented in the current code page (1252)
D:\פרקטיקום\git project\MultiDrone\Security\Security\tests.cpp(299,13): warning C4566: character represented by universal-character-name '\u05DD' cannot be represented in the current code page (1252)
D:\פרקטיקום\git project\MultiDrone\Security\Security\tests.cpp(304,1): warning C4566: character represented by universal-character-name '\u05E4' cannot be represented in the current code page (1252)
D:\פרקטיקום\git project\MultiDrone\Security\Security\tests.cpp(304,1): warning C4566: character represented by universal-character-name '\u05E8' cannot be represented in the current code page (1252)
D:\פרקטיקום\git project\MultiDrone\Security\Security\tests.cpp(304,1): warning C4566: character represented by universal-character-name '\u05E7' cannot be represented in the current code page (1252)
D:\פרקטיקום\git project\MultiDrone\Security\Security\tests.cpp(304,1): warning C4566: character represented by universal-character-name '\u05D8' cannot be represented in the current code page (1252)
D:\פרקטיקום\git project\MultiDrone\Security\Security\tests.cpp(304,1): warning C4566: character represented by universal-character-name '\u05D9' cannot be represented in the current code page (1252)
D:\פרקטיקום\git project\MultiDrone\Security\Security\tests.cpp(304,1): warning C4566: character represented by universal-character-name '\u05D5' cannot be represented in the current code page (1252)
D:\פרקטיקום\git project\MultiDrone\Security\Security\tests.cpp(304,1): warning C4566: character represented by universal-character-name '\u05DD' cannot be represented in the current code page (1252)
D:\פרקטיקום\git project\MultiDrone\Security\Security\tests.cpp(324,13): warning C4566: character represented by universal-character-name '\u05E4' cannot be represented in the current code page (1252)
D:\פרקטיקום\git project\MultiDrone\Security\Security\tests.cpp(324,13): warning C4566: character represented by universal-character-name '\u05E8' cannot be represented in the current code page (1252)
D:\פרקטיקום\git project\MultiDrone\Security\Security\tests.cpp(324,13): warning C4566: character represented by universal-character-name '\u05E7' cannot be represented in the current code page (1252)
D:\פרקטיקום\git project\MultiDrone\Security\Security\tests.cpp(324,13): warning C4566: character represented by universal-character-name '\u05D8' cannot be represented in the current code page (1252)
D:\פרקטיקום\git project\MultiDrone\Security\Security\tests.cpp(324,13): warning C4566: character represented by universal-character-name '\u05D9' cannot be represented in the current code page (1252)
D:\פרקטיקום\git project\MultiDrone\Security\Security\tests.cpp(324,13): warning C4566: character represented by universal-character-name '\u05D5' cannot be represented in the current code page (1252)
D:\פרקטיקום\git project\MultiDrone\Security\Security\tests.cpp(324,13): warning C4566: character represented by universal-character-name '\u05DD' cannot be represented in the current code page (1252)
D:\פרקטיקום\git project\MultiDrone\Security\Security\tests.cpp(347,13): warning C4566: character represented by universal-character-name '\u05E4' cannot be represented in the current code page (1252)
D:\פרקטיקום\git project\MultiDrone\Security\Security\tests.cpp(347,13): warning C4566: character represented by universal-character-name '\u05E8' cannot be represented in the current code page (1252)
D:\פרקטיקום\git project\MultiDrone\Security\Security\tests.cpp(347,13): warning C4566: character represented by universal-character-name '\u05E7' cannot be represented in the current code page (1252)
D:\פרקטיקום\git project\MultiDrone\Security\Security\tests.cpp(347,13): warning C4566: character represented by universal-character-name '\u05D8' cannot be represented in the current code page (1252)
D:\פרקטיקום\git project\MultiDrone\Security\Security\tests.cpp(347,13): warning C4566: character represented by universal-character-name '\u05D9' cannot be represented in the current code page (1252)
D:\פרקטיקום\git project\MultiDrone\Security\Security\tests.cpp(347,13): warning C4566: character represented by universal-character-name '\u05D5' cannot be represented in the current code page (1252)
D:\פרקטיקום\git project\MultiDrone\Security\Security\tests.cpp(347,13): warning C4566: character represented by universal-character-name '\u05DD' cannot be represented in the current code page (1252)
D:\פרקטיקום\git project\MultiDrone\Security\Security\tests.cpp(370,13): warning C4566: character represented by universal-character-name '\u05E4' cannot be represented in the current code page (1252)
D:\פרקטיקום\git project\MultiDrone\Security\Security\tests.cpp(370,13): warning C4566: character represented by universal-character-name '\u05E8' cannot be represented in the current code page (1252)
D:\פרקטיקום\git project\MultiDrone\Security\Security\tests.cpp(370,13): warning C4566: character represented by universal-character-name '\u05E7' cannot be represented in the current code page (1252)
D:\פרקטיקום\git project\MultiDrone\Security\Security\tests.cpp(370,13): warning C4566: character represented by universal-character-name '\u05D8' cannot be represented in the current code page (1252)
D:\פרקטיקום\git project\MultiDrone\Security\Security\tests.cpp(370,13): warning C4566: character represented by universal-character-name '\u05D9' cannot be represented in the current code page (1252)
D:\פרקטיקום\git project\MultiDrone\Security\Security\tests.cpp(370,13): warning C4566: character represented by universal-character-name '\u05D5' cannot be represented in the current code page (1252)
D:\פרקטיקום\git project\MultiDrone\Security\Security\tests.cpp(370,13): warning C4566: character represented by universal-character-name '\u05DD' cannot be represented in the current code page (1252)
D:\פרקטיקום\git project\MultiDrone\Security\Security\tests.cpp(394,1): warning C4566: character represented by universal-character-name '\u05E4' cannot be represented in the current code page (1252)
D:\פרקטיקום\git project\MultiDrone\Security\Security\tests.cpp(394,1): warning C4566: character represented by universal-character-name '\u05E8' cannot be represented in the current code page (1252)
D:\פרקטיקום\git project\MultiDrone\Security\Security\tests.cpp(394,1): warning C4566: character represented by universal-character-name '\u05E7' cannot be represented in the current code page (1252)
D:\פרקטיקום\git project\MultiDrone\Security\Security\tests.cpp(394,1): warning C4566: character represented by universal-character-name '\u05D8' cannot be represented in the current code page (1252)
D:\פרקטיקום\git project\MultiDrone\Security\Security\tests.cpp(394,1): warning C4566: character represented by universal-character-name '\u05D9' cannot be represented in the current code page (1252)
D:\פרקטיקום\git project\MultiDrone\Security\Security\tests.cpp(394,1): warning C4566: character represented by universal-character-name '\u05D5' cannot be represented in the current code page (1252)
D:\פרקטיקום\git project\MultiDrone\Security\Security\tests.cpp(394,1): warning C4566: character represented by universal-character-name '\u05DD' cannot be represented in the current code page (1252)
D:\פרקטיקום\git project\MultiDrone\Security\Security\tests.cpp(419,13): warning C4566: character represented by universal-character-name '\u05E4' cannot be represented in the current code page (1252)
D:\פרקטיקום\git project\MultiDrone\Security\Security\tests.cpp(419,13): warning C4566: character represented by universal-character-name '\u05E8' cannot be represented in the current code page (1252)
D:\פרקטיקום\git project\MultiDrone\Security\Security\tests.cpp(419,13): warning C4566: character represented by universal-character-name '\u05E7' cannot be represented in the current code page (1252)
D:\פרקטיקום\git project\MultiDrone\Security\Security\tests.cpp(419,13): warning C4566: character represented by universal-character-name '\u05D8' cannot be represented in the current code page (1252)
D:\פרקטיקום\git project\MultiDrone\Security\Security\tests.cpp(419,13): warning C4566: character represented by universal-character-name '\u05D9' cannot be represented in the current code page (1252)
D:\פרקטיקום\git project\MultiDrone\Security\Security\tests.cpp(419,13): warning C4566: character represented by universal-character-name '\u05D5' cannot be represented in the current code page (1252)
D:\פרקטיקום\git project\MultiDrone\Security\Security\tests.cpp(419,13): warning C4566: character represented by universal-character-name '\u05DD' cannot be represented in the current code page (1252)
  Generating Code...
  Security.vcxproj -> D:\פרקטיקום\git project\MultiDrone\Security\x64\Debug\Security.exe
