  main.cpp
C:\Users\USER\Desktop\shira tamir\ה.תוכנה\practicom\MultiDrone\Communication\Data_Comperession\doctest.h(3348,17): warning C4566: character represented by universal-character-name '\u05D4' cannot be represented in the current code page (1252)
C:\Users\USER\Desktop\shira tamir\ה.תוכנה\practicom\MultiDrone\Communication\Data_Comperession\doctest.h(3348,17): warning C4566: character represented by universal-character-name '\u05EA' cannot be represented in the current code page (1252)
C:\Users\USER\Desktop\shira tamir\ה.תוכנה\practicom\MultiDrone\Communication\Data_Comperession\doctest.h(3348,17): warning C4566: character represented by universal-character-name '\u05D5' cannot be represented in the current code page (1252)
C:\Users\USER\Desktop\shira tamir\ה.תוכנה\practicom\MultiDrone\Communication\Data_Comperession\doctest.h(3348,17): warning C4566: character represented by universal-character-name '\u05DB' cannot be represented in the current code page (1252)
C:\Users\USER\Desktop\shira tamir\ה.תוכנה\practicom\MultiDrone\Communication\Data_Comperession\doctest.h(3348,17): warning C4566: character represented by universal-character-name '\u05E0' cannot be represented in the current code page (1252)
C:\Users\USER\Desktop\shira tamir\ה.תוכנה\practicom\MultiDrone\Communication\Data_Comperession\doctest.h(3865,18): warning C4566: character represented by universal-character-name '\u05D4' cannot be represented in the current code page (1252)
C:\Users\USER\Desktop\shira tamir\ה.תוכנה\practicom\MultiDrone\Communication\Data_Comperession\doctest.h(3865,18): warning C4566: character represented by universal-character-name '\u05EA' cannot be represented in the current code page (1252)
C:\Users\USER\Desktop\shira tamir\ה.תוכנה\practicom\MultiDrone\Communication\Data_Comperession\doctest.h(3865,18): warning C4566: character represented by universal-character-name '\u05D5' cannot be represented in the current code page (1252)
C:\Users\USER\Desktop\shira tamir\ה.תוכנה\practicom\MultiDrone\Communication\Data_Comperession\doctest.h(3865,18): warning C4566: character represented by universal-character-name '\u05DB' cannot be represented in the current code page (1252)
C:\Users\USER\Desktop\shira tamir\ה.תוכנה\practicom\MultiDrone\Communication\Data_Comperession\doctest.h(3865,18): warning C4566: character represented by universal-character-name '\u05E0' cannot be represented in the current code page (1252)
C:\Users\USER\Desktop\shira tamir\ה.תוכנה\practicom\MultiDrone\Communication\Data_Comperession\doctest.h(5146,9): warning C4566: character represented by universal-character-name '\u05D4' cannot be represented in the current code page (1252)
C:\Users\USER\Desktop\shira tamir\ה.תוכנה\practicom\MultiDrone\Communication\Data_Comperession\doctest.h(5146,9): warning C4566: character represented by universal-character-name '\u05EA' cannot be represented in the current code page (1252)
C:\Users\USER\Desktop\shira tamir\ה.תוכנה\practicom\MultiDrone\Communication\Data_Comperession\doctest.h(5146,9): warning C4566: character represented by universal-character-name '\u05D5' cannot be represented in the current code page (1252)
C:\Users\USER\Desktop\shira tamir\ה.תוכנה\practicom\MultiDrone\Communication\Data_Comperession\doctest.h(5146,9): warning C4566: character represented by universal-character-name '\u05DB' cannot be represented in the current code page (1252)
C:\Users\USER\Desktop\shira tamir\ה.תוכנה\practicom\MultiDrone\Communication\Data_Comperession\doctest.h(5146,9): warning C4566: character represented by universal-character-name '\u05E0' cannot be represented in the current code page (1252)
C:\Users\USER\Desktop\shira tamir\ה.תוכנה\practicom\MultiDrone\Communication\Data_Comperession\doctest.h(5159,9): warning C4566: character represented by universal-character-name '\u05D4' cannot be represented in the current code page (1252)
C:\Users\USER\Desktop\shira tamir\ה.תוכנה\practicom\MultiDrone\Communication\Data_Comperession\doctest.h(5159,9): warning C4566: character represented by universal-character-name '\u05EA' cannot be represented in the current code page (1252)
C:\Users\USER\Desktop\shira tamir\ה.תוכנה\practicom\MultiDrone\Communication\Data_Comperession\doctest.h(5159,9): warning C4566: character represented by universal-character-name '\u05D5' cannot be represented in the current code page (1252)
C:\Users\USER\Desktop\shira tamir\ה.תוכנה\practicom\MultiDrone\Communication\Data_Comperession\doctest.h(5159,9): warning C4566: character represented by universal-character-name '\u05DB' cannot be represented in the current code page (1252)
C:\Users\USER\Desktop\shira tamir\ה.תוכנה\practicom\MultiDrone\Communication\Data_Comperession\doctest.h(5159,9): warning C4566: character represented by universal-character-name '\u05E0' cannot be represented in the current code page (1252)
C:\Users\USER\Desktop\shira tamir\ה.תוכנה\practicom\MultiDrone\Communication\Data_Comperession\HuffmanRescue.h(46,9): warning C4267: 'return': conversion from 'size_t' to 'int', possible loss of data
  CRCalgoritm_test.cpp
C:\Users\USER\Desktop\shira tamir\ה.תוכנה\practicom\MultiDrone\Communication\Validation\CRCalgoritm.h(19,66): warning C4290: C++ exception specification ignored except to indicate a function is not __declspec(nothrow)
C:\Users\USER\Desktop\shira tamir\ה.תוכנה\practicom\MultiDrone\Communication\Validation\CRCalgoritm_test.cpp(8,1): warning C4566: character represented by universal-character-name '\u05D4' cannot be represented in the current code page (1252)
C:\Users\USER\Desktop\shira tamir\ה.תוכנה\practicom\MultiDrone\Communication\Validation\CRCalgoritm_test.cpp(8,1): warning C4566: character represented by universal-character-name '\u05EA' cannot be represented in the current code page (1252)
C:\Users\USER\Desktop\shira tamir\ה.תוכנה\practicom\MultiDrone\Communication\Validation\CRCalgoritm_test.cpp(8,1): warning C4566: character represented by universal-character-name '\u05D5' cannot be represented in the current code page (1252)
C:\Users\USER\Desktop\shira tamir\ה.תוכנה\practicom\MultiDrone\Communication\Validation\CRCalgoritm_test.cpp(8,1): warning C4566: character represented by universal-character-name '\u05DB' cannot be represented in the current code page (1252)
C:\Users\USER\Desktop\shira tamir\ה.תוכנה\practicom\MultiDrone\Communication\Validation\CRCalgoritm_test.cpp(8,1): warning C4566: character represented by universal-character-name '\u05E0' cannot be represented in the current code page (1252)
C:\Users\USER\Desktop\shira tamir\ה.תוכנה\practicom\MultiDrone\Communication\Validation\CRCalgoritm_test.cpp(9,2): warning C4566: character represented by universal-character-name '\u05D4' cannot be represented in the current code page (1252)
C:\Users\USER\Desktop\shira tamir\ה.תוכנה\practicom\MultiDrone\Communication\Validation\CRCalgoritm_test.cpp(9,2): warning C4566: character represented by universal-character-name '\u05EA' cannot be represented in the current code page (1252)
C:\Users\USER\Desktop\shira tamir\ה.תוכנה\practicom\MultiDrone\Communication\Validation\CRCalgoritm_test.cpp(9,2): warning C4566: character represented by universal-character-name '\u05D5' cannot be represented in the current code page (1252)
C:\Users\USER\Desktop\shira tamir\ה.תוכנה\practicom\MultiDrone\Communication\Validation\CRCalgoritm_test.cpp(9,2): warning C4566: character represented by universal-character-name '\u05DB' cannot be represented in the current code page (1252)
C:\Users\USER\Desktop\shira tamir\ה.תוכנה\practicom\MultiDrone\Communication\Validation\CRCalgoritm_test.cpp(9,2): warning C4566: character represented by universal-character-name '\u05E0' cannot be represented in the current code page (1252)
C:\Users\USER\Desktop\shira tamir\ה.תוכנה\practicom\MultiDrone\Communication\Validation\CRCalgoritm_test.cpp(14,34): warning C4267: 'argument': conversion from 'size_t' to 'int', possible loss of data
C:\Users\USER\Desktop\shira tamir\ה.תוכנה\practicom\MultiDrone\Communication\Validation\CRCalgoritm_test.cpp(16,3): warning C4566: character represented by universal-character-name '\u05D4' cannot be represented in the current code page (1252)
C:\Users\USER\Desktop\shira tamir\ה.תוכנה\practicom\MultiDrone\Communication\Validation\CRCalgoritm_test.cpp(16,3): warning C4566: character represented by universal-character-name '\u05EA' cannot be represented in the current code page (1252)
C:\Users\USER\Desktop\shira tamir\ה.תוכנה\practicom\MultiDrone\Communication\Validation\CRCalgoritm_test.cpp(16,3): warning C4566: character represented by universal-character-name '\u05D5' cannot be represented in the current code page (1252)
C:\Users\USER\Desktop\shira tamir\ה.תוכנה\practicom\MultiDrone\Communication\Validation\CRCalgoritm_test.cpp(16,3): warning C4566: character represented by universal-character-name '\u05DB' cannot be represented in the current code page (1252)
C:\Users\USER\Desktop\shira tamir\ה.תוכנה\practicom\MultiDrone\Communication\Validation\CRCalgoritm_test.cpp(16,3): warning C4566: character represented by universal-character-name '\u05E0' cannot be represented in the current code page (1252)
C:\Users\USER\Desktop\shira tamir\ה.תוכנה\practicom\MultiDrone\Communication\Validation\CRCalgoritm_test.cpp(18,2): warning C4566: character represented by universal-character-name '\u05D4' cannot be represented in the current code page (1252)
C:\Users\USER\Desktop\shira tamir\ה.תוכנה\practicom\MultiDrone\Communication\Validation\CRCalgoritm_test.cpp(18,2): warning C4566: character represented by universal-character-name '\u05EA' cannot be represented in the current code page (1252)
C:\Users\USER\Desktop\shira tamir\ה.תוכנה\practicom\MultiDrone\Communication\Validation\CRCalgoritm_test.cpp(18,2): warning C4566: character represented by universal-character-name '\u05D5' cannot be represented in the current code page (1252)
C:\Users\USER\Desktop\shira tamir\ה.תוכנה\practicom\MultiDrone\Communication\Validation\CRCalgoritm_test.cpp(18,2): warning C4566: character represented by universal-character-name '\u05DB' cannot be represented in the current code page (1252)
C:\Users\USER\Desktop\shira tamir\ה.תוכנה\practicom\MultiDrone\Communication\Validation\CRCalgoritm_test.cpp(18,2): warning C4566: character represented by universal-character-name '\u05E0' cannot be represented in the current code page (1252)
C:\Users\USER\Desktop\shira tamir\ה.תוכנה\practicom\MultiDrone\Communication\Validation\CRCalgoritm_test.cpp(23,34): warning C4267: 'argument': conversion from 'size_t' to 'int', possible loss of data
C:\Users\USER\Desktop\shira tamir\ה.תוכנה\practicom\MultiDrone\Communication\Validation\CRCalgoritm_test.cpp(25,3): warning C4566: character represented by universal-character-name '\u05D4' cannot be represented in the current code page (1252)
C:\Users\USER\Desktop\shira tamir\ה.תוכנה\practicom\MultiDrone\Communication\Validation\CRCalgoritm_test.cpp(25,3): warning C4566: character represented by universal-character-name '\u05EA' cannot be represented in the current code page (1252)
C:\Users\USER\Desktop\shira tamir\ה.תוכנה\practicom\MultiDrone\Communication\Validation\CRCalgoritm_test.cpp(25,3): warning C4566: character represented by universal-character-name '\u05D5' cannot be represented in the current code page (1252)
C:\Users\USER\Desktop\shira tamir\ה.תוכנה\practicom\MultiDrone\Communication\Validation\CRCalgoritm_test.cpp(25,3): warning C4566: character represented by universal-character-name '\u05DB' cannot be represented in the current code page (1252)
C:\Users\USER\Desktop\shira tamir\ה.תוכנה\practicom\MultiDrone\Communication\Validation\CRCalgoritm_test.cpp(25,3): warning C4566: character represented by universal-character-name '\u05E0' cannot be represented in the current code page (1252)
C:\Users\USER\Desktop\shira tamir\ה.תוכנה\practicom\MultiDrone\Communication\Validation\CRCalgoritm_test.cpp(27,2): warning C4566: character represented by universal-character-name '\u05D4' cannot be represented in the current code page (1252)
C:\Users\USER\Desktop\shira tamir\ה.תוכנה\practicom\MultiDrone\Communication\Validation\CRCalgoritm_test.cpp(27,2): warning C4566: character represented by universal-character-name '\u05EA' cannot be represented in the current code page (1252)
C:\Users\USER\Desktop\shira tamir\ה.תוכנה\practicom\MultiDrone\Communication\Validation\CRCalgoritm_test.cpp(27,2): warning C4566: character represented by universal-character-name '\u05D5' cannot be represented in the current code page (1252)
C:\Users\USER\Desktop\shira tamir\ה.תוכנה\practicom\MultiDrone\Communication\Validation\CRCalgoritm_test.cpp(27,2): warning C4566: character represented by universal-character-name '\u05DB' cannot be represented in the current code page (1252)
C:\Users\USER\Desktop\shira tamir\ה.תוכנה\practicom\MultiDrone\Communication\Validation\CRCalgoritm_test.cpp(27,2): warning C4566: character represented by universal-character-name '\u05E0' cannot be represented in the current code page (1252)
C:\Users\USER\Desktop\shira tamir\ה.תוכנה\practicom\MultiDrone\Communication\Validation\CRCalgoritm_test.cpp(34,3): warning C4566: character represented by universal-character-name '\u05D4' cannot be represented in the current code page (1252)
C:\Users\USER\Desktop\shira tamir\ה.תוכנה\practicom\MultiDrone\Communication\Validation\CRCalgoritm_test.cpp(34,3): warning C4566: character represented by universal-character-name '\u05EA' cannot be represented in the current code page (1252)
C:\Users\USER\Desktop\shira tamir\ה.תוכנה\practicom\MultiDrone\Communication\Validation\CRCalgoritm_test.cpp(34,3): warning C4566: character represented by universal-character-name '\u05D5' cannot be represented in the current code page (1252)
C:\Users\USER\Desktop\shira tamir\ה.תוכנה\practicom\MultiDrone\Communication\Validation\CRCalgoritm_test.cpp(34,3): warning C4566: character represented by universal-character-name '\u05DB' cannot be represented in the current code page (1252)
C:\Users\USER\Desktop\shira tamir\ה.תוכנה\practicom\MultiDrone\Communication\Validation\CRCalgoritm_test.cpp(34,3): warning C4566: character represented by universal-character-name '\u05E0' cannot be represented in the current code page (1252)
C:\Users\USER\Desktop\shira tamir\ה.תוכנה\practicom\MultiDrone\Communication\Validation\CRCalgoritm_test.cpp(36,2): warning C4566: character represented by universal-character-name '\u05D4' cannot be represented in the current code page (1252)
C:\Users\USER\Desktop\shira tamir\ה.תוכנה\practicom\MultiDrone\Communication\Validation\CRCalgoritm_test.cpp(36,2): warning C4566: character represented by universal-character-name '\u05EA' cannot be represented in the current code page (1252)
C:\Users\USER\Desktop\shira tamir\ה.תוכנה\practicom\MultiDrone\Communication\Validation\CRCalgoritm_test.cpp(36,2): warning C4566: character represented by universal-character-name '\u05D5' cannot be represented in the current code page (1252)
C:\Users\USER\Desktop\shira tamir\ה.תוכנה\practicom\MultiDrone\Communication\Validation\CRCalgoritm_test.cpp(36,2): warning C4566: character represented by universal-character-name '\u05DB' cannot be represented in the current code page (1252)
C:\Users\USER\Desktop\shira tamir\ה.תוכנה\practicom\MultiDrone\Communication\Validation\CRCalgoritm_test.cpp(36,2): warning C4566: character represented by universal-character-name '\u05E0' cannot be represented in the current code page (1252)
C:\Users\USER\Desktop\shira tamir\ה.תוכנה\practicom\MultiDrone\Communication\Validation\CRCalgoritm_test.cpp(40,3): warning C4566: character represented by universal-character-name '\u05D4' cannot be represented in the current code page (1252)
C:\Users\USER\Desktop\shira tamir\ה.תוכנה\practicom\MultiDrone\Communication\Validation\CRCalgoritm_test.cpp(40,3): warning C4566: character represented by universal-character-name '\u05EA' cannot be represented in the current code page (1252)
C:\Users\USER\Desktop\shira tamir\ה.תוכנה\practicom\MultiDrone\Communication\Validation\CRCalgoritm_test.cpp(40,3): warning C4566: character represented by universal-character-name '\u05D5' cannot be represented in the current code page (1252)
C:\Users\USER\Desktop\shira tamir\ה.תוכנה\practicom\MultiDrone\Communication\Validation\CRCalgoritm_test.cpp(40,3): warning C4566: character represented by universal-character-name '\u05DB' cannot be represented in the current code page (1252)
C:\Users\USER\Desktop\shira tamir\ה.תוכנה\practicom\MultiDrone\Communication\Validation\CRCalgoritm_test.cpp(40,3): warning C4566: character represented by universal-character-name '\u05E0' cannot be represented in the current code page (1252)
C:\Users\USER\Desktop\shira tamir\ה.תוכנה\practicom\MultiDrone\Communication\Validation\CRCalgoritm_test.cpp(43,1): warning C4566: character represented by universal-character-name '\u05D4' cannot be represented in the current code page (1252)
C:\Users\USER\Desktop\shira tamir\ה.תוכנה\practicom\MultiDrone\Communication\Validation\CRCalgoritm_test.cpp(43,1): warning C4566: character represented by universal-character-name '\u05EA' cannot be represented in the current code page (1252)
C:\Users\USER\Desktop\shira tamir\ה.תוכנה\practicom\MultiDrone\Communication\Validation\CRCalgoritm_test.cpp(43,1): warning C4566: character represented by universal-character-name '\u05D5' cannot be represented in the current code page (1252)
C:\Users\USER\Desktop\shira tamir\ה.תוכנה\practicom\MultiDrone\Communication\Validation\CRCalgoritm_test.cpp(43,1): warning C4566: character represented by universal-character-name '\u05DB' cannot be represented in the current code page (1252)
C:\Users\USER\Desktop\shira tamir\ה.תוכנה\practicom\MultiDrone\Communication\Validation\CRCalgoritm_test.cpp(43,1): warning C4566: character represented by universal-character-name '\u05E0' cannot be represented in the current code page (1252)
C:\Users\USER\Desktop\shira tamir\ה.תוכנה\practicom\MultiDrone\Communication\Validation\CRCalgoritm_test.cpp(45,2): warning C4566: character represented by universal-character-name '\u05D4' cannot be represented in the current code page (1252)
C:\Users\USER\Desktop\shira tamir\ה.תוכנה\practicom\MultiDrone\Communication\Validation\CRCalgoritm_test.cpp(45,2): warning C4566: character represented by universal-character-name '\u05EA' cannot be represented in the current code page (1252)
C:\Users\USER\Desktop\shira tamir\ה.תוכנה\practicom\MultiDrone\Communication\Validation\CRCalgoritm_test.cpp(45,2): warning C4566: character represented by universal-character-name '\u05D5' cannot be represented in the current code page (1252)
C:\Users\USER\Desktop\shira tamir\ה.תוכנה\practicom\MultiDrone\Communication\Validation\CRCalgoritm_test.cpp(45,2): warning C4566: character represented by universal-character-name '\u05DB' cannot be represented in the current code page (1252)
C:\Users\USER\Desktop\shira tamir\ה.תוכנה\practicom\MultiDrone\Communication\Validation\CRCalgoritm_test.cpp(45,2): warning C4566: character represented by universal-character-name '\u05E0' cannot be represented in the current code page (1252)
C:\Users\USER\Desktop\shira tamir\ה.תוכנה\practicom\MultiDrone\Communication\Validation\CRCalgoritm_test.cpp(52,3): warning C4566: character represented by universal-character-name '\u05D4' cannot be represented in the current code page (1252)
C:\Users\USER\Desktop\shira tamir\ה.תוכנה\practicom\MultiDrone\Communication\Validation\CRCalgoritm_test.cpp(52,3): warning C4566: character represented by universal-character-name '\u05EA' cannot be represented in the current code page (1252)
C:\Users\USER\Desktop\shira tamir\ה.תוכנה\practicom\MultiDrone\Communication\Validation\CRCalgoritm_test.cpp(52,3): warning C4566: character represented by universal-character-name '\u05D5' cannot be represented in the current code page (1252)
C:\Users\USER\Desktop\shira tamir\ה.תוכנה\practicom\MultiDrone\Communication\Validation\CRCalgoritm_test.cpp(52,3): warning C4566: character represented by universal-character-name '\u05DB' cannot be represented in the current code page (1252)
C:\Users\USER\Desktop\shira tamir\ה.תוכנה\practicom\MultiDrone\Communication\Validation\CRCalgoritm_test.cpp(52,3): warning C4566: character represented by universal-character-name '\u05E0' cannot be represented in the current code page (1252)
C:\Users\USER\Desktop\shira tamir\ה.תוכנה\practicom\MultiDrone\Communication\Validation\CRCalgoritm_test.cpp(55,2): warning C4566: character represented by universal-character-name '\u05D4' cannot be represented in the current code page (1252)
C:\Users\USER\Desktop\shira tamir\ה.תוכנה\practicom\MultiDrone\Communication\Validation\CRCalgoritm_test.cpp(55,2): warning C4566: character represented by universal-character-name '\u05EA' cannot be represented in the current code page (1252)
C:\Users\USER\Desktop\shira tamir\ה.תוכנה\practicom\MultiDrone\Communication\Validation\CRCalgoritm_test.cpp(55,2): warning C4566: character represented by universal-character-name '\u05D5' cannot be represented in the current code page (1252)
C:\Users\USER\Desktop\shira tamir\ה.תוכנה\practicom\MultiDrone\Communication\Validation\CRCalgoritm_test.cpp(55,2): warning C4566: character represented by universal-character-name '\u05DB' cannot be represented in the current code page (1252)
C:\Users\USER\Desktop\shira tamir\ה.תוכנה\practicom\MultiDrone\Communication\Validation\CRCalgoritm_test.cpp(55,2): warning C4566: character represented by universal-character-name '\u05E0' cannot be represented in the current code page (1252)
C:\Users\USER\Desktop\shira tamir\ה.תוכנה\practicom\MultiDrone\Communication\Validation\CRCalgoritm_test.cpp(59,3): warning C4566: character represented by universal-character-name '\u05D4' cannot be represented in the current code page (1252)
C:\Users\USER\Desktop\shira tamir\ה.תוכנה\practicom\MultiDrone\Communication\Validation\CRCalgoritm_test.cpp(59,3): warning C4566: character represented by universal-character-name '\u05EA' cannot be represented in the current code page (1252)
C:\Users\USER\Desktop\shira tamir\ה.תוכנה\practicom\MultiDrone\Communication\Validation\CRCalgoritm_test.cpp(59,3): warning C4566: character represented by universal-character-name '\u05D5' cannot be represented in the current code page (1252)
C:\Users\USER\Desktop\shira tamir\ה.תוכנה\practicom\MultiDrone\Communication\Validation\CRCalgoritm_test.cpp(59,3): warning C4566: character represented by universal-character-name '\u05DB' cannot be represented in the current code page (1252)
C:\Users\USER\Desktop\shira tamir\ה.תוכנה\practicom\MultiDrone\Communication\Validation\CRCalgoritm_test.cpp(59,3): warning C4566: character represented by universal-character-name '\u05E0' cannot be represented in the current code page (1252)
C:\Users\USER\Desktop\shira tamir\ה.תוכנה\practicom\MultiDrone\Communication\Validation\CRCalgoritm_test.cpp(62,2): warning C4566: character represented by universal-character-name '\u05D4' cannot be represented in the current code page (1252)
C:\Users\USER\Desktop\shira tamir\ה.תוכנה\practicom\MultiDrone\Communication\Validation\CRCalgoritm_test.cpp(62,2): warning C4566: character represented by universal-character-name '\u05EA' cannot be represented in the current code page (1252)
C:\Users\USER\Desktop\shira tamir\ה.תוכנה\practicom\MultiDrone\Communication\Validation\CRCalgoritm_test.cpp(62,2): warning C4566: character represented by universal-character-name '\u05D5' cannot be represented in the current code page (1252)
C:\Users\USER\Desktop\shira tamir\ה.תוכנה\practicom\MultiDrone\Communication\Validation\CRCalgoritm_test.cpp(62,2): warning C4566: character represented by universal-character-name '\u05DB' cannot be represented in the current code page (1252)
C:\Users\USER\Desktop\shira tamir\ה.תוכנה\practicom\MultiDrone\Communication\Validation\CRCalgoritm_test.cpp(62,2): warning C4566: character represented by universal-character-name '\u05E0' cannot be represented in the current code page (1252)
C:\Users\USER\Desktop\shira tamir\ה.תוכנה\practicom\MultiDrone\Communication\Validation\CRCalgoritm_test.cpp(66,3): warning C4566: character represented by universal-character-name '\u05D4' cannot be represented in the current code page (1252)
C:\Users\USER\Desktop\shira tamir\ה.תוכנה\practicom\MultiDrone\Communication\Validation\CRCalgoritm_test.cpp(66,3): warning C4566: character represented by universal-character-name '\u05EA' cannot be represented in the current code page (1252)
C:\Users\USER\Desktop\shira tamir\ה.תוכנה\practicom\MultiDrone\Communication\Validation\CRCalgoritm_test.cpp(66,3): warning C4566: character represented by universal-character-name '\u05D5' cannot be represented in the current code page (1252)
C:\Users\USER\Desktop\shira tamir\ה.תוכנה\practicom\MultiDrone\Communication\Validation\CRCalgoritm_test.cpp(66,3): warning C4566: character represented by universal-character-name '\u05DB' cannot be represented in the current code page (1252)
C:\Users\USER\Desktop\shira tamir\ה.תוכנה\practicom\MultiDrone\Communication\Validation\CRCalgoritm_test.cpp(66,3): warning C4566: character represented by universal-character-name '\u05E0' cannot be represented in the current code page (1252)
C:\Users\USER\Desktop\shira tamir\ה.תוכנה\practicom\MultiDrone\Communication\Validation\CRCalgoritm_test.cpp(69,1): warning C4566: character represented by universal-character-name '\u05D4' cannot be represented in the current code page (1252)
C:\Users\USER\Desktop\shira tamir\ה.תוכנה\practicom\MultiDrone\Communication\Validation\CRCalgoritm_test.cpp(69,1): warning C4566: character represented by universal-character-name '\u05EA' cannot be represented in the current code page (1252)
C:\Users\USER\Desktop\shira tamir\ה.תוכנה\practicom\MultiDrone\Communication\Validation\CRCalgoritm_test.cpp(69,1): warning C4566: character represented by universal-character-name '\u05D5' cannot be represented in the current code page (1252)
C:\Users\USER\Desktop\shira tamir\ה.תוכנה\practicom\MultiDrone\Communication\Validation\CRCalgoritm_test.cpp(69,1): warning C4566: character represented by universal-character-name '\u05DB' cannot be represented in the current code page (1252)
C:\Users\USER\Desktop\shira tamir\ה.תוכנה\practicom\MultiDrone\Communication\Validation\CRCalgoritm_test.cpp(69,1): warning C4566: character represented by universal-character-name '\u05E0' cannot be represented in the current code page (1252)
C:\Users\USER\Desktop\shira tamir\ה.תוכנה\practicom\MultiDrone\Communication\Validation\CRCalgoritm_test.cpp(71,2): warning C4566: character represented by universal-character-name '\u05D4' cannot be represented in the current code page (1252)
C:\Users\USER\Desktop\shira tamir\ה.תוכנה\practicom\MultiDrone\Communication\Validation\CRCalgoritm_test.cpp(71,2): warning C4566: character represented by universal-character-name '\u05EA' cannot be represented in the current code page (1252)
C:\Users\USER\Desktop\shira tamir\ה.תוכנה\practicom\MultiDrone\Communication\Validation\CRCalgoritm_test.cpp(71,2): warning C4566: character represented by universal-character-name '\u05D5' cannot be represented in the current code page (1252)
C:\Users\USER\Desktop\shira tamir\ה.תוכנה\practicom\MultiDrone\Communication\Validation\CRCalgoritm_test.cpp(71,2): warning C4566: character represented by universal-character-name '\u05DB' cannot be represented in the current code page (1252)
C:\Users\USER\Desktop\shira tamir\ה.תוכנה\practicom\MultiDrone\Communication\Validation\CRCalgoritm_test.cpp(71,2): warning C4566: character represented by universal-character-name '\u05E0' cannot be represented in the current code page (1252)
C:\Users\USER\Desktop\shira tamir\ה.תוכנה\practicom\MultiDrone\Communication\Validation\CRCalgoritm_test.cpp(75,3): warning C4566: character represented by universal-character-name '\u05D4' cannot be represented in the current code page (1252)
C:\Users\USER\Desktop\shira tamir\ה.תוכנה\practicom\MultiDrone\Communication\Validation\CRCalgoritm_test.cpp(75,3): warning C4566: character represented by universal-character-name '\u05EA' cannot be represented in the current code page (1252)
C:\Users\USER\Desktop\shira tamir\ה.תוכנה\practicom\MultiDrone\Communication\Validation\CRCalgoritm_test.cpp(75,3): warning C4566: character represented by universal-character-name '\u05D5' cannot be represented in the current code page (1252)
C:\Users\USER\Desktop\shira tamir\ה.תוכנה\practicom\MultiDrone\Communication\Validation\CRCalgoritm_test.cpp(75,3): warning C4566: character represented by universal-character-name '\u05DB' cannot be represented in the current code page (1252)
C:\Users\USER\Desktop\shira tamir\ה.תוכנה\practicom\MultiDrone\Communication\Validation\CRCalgoritm_test.cpp(75,3): warning C4566: character represented by universal-character-name '\u05E0' cannot be represented in the current code page (1252)
C:\Users\USER\Desktop\shira tamir\ה.תוכנה\practicom\MultiDrone\Communication\Validation\CRCalgoritm_test.cpp(77,2): warning C4566: character represented by universal-character-name '\u05D4' cannot be represented in the current code page (1252)
C:\Users\USER\Desktop\shira tamir\ה.תוכנה\practicom\MultiDrone\Communication\Validation\CRCalgoritm_test.cpp(77,2): warning C4566: character represented by universal-character-name '\u05EA' cannot be represented in the current code page (1252)
C:\Users\USER\Desktop\shira tamir\ה.תוכנה\practicom\MultiDrone\Communication\Validation\CRCalgoritm_test.cpp(77,2): warning C4566: character represented by universal-character-name '\u05D5' cannot be represented in the current code page (1252)
C:\Users\USER\Desktop\shira tamir\ה.תוכנה\practicom\MultiDrone\Communication\Validation\CRCalgoritm_test.cpp(77,2): warning C4566: character represented by universal-character-name '\u05DB' cannot be represented in the current code page (1252)
C:\Users\USER\Desktop\shira tamir\ה.תוכנה\practicom\MultiDrone\Communication\Validation\CRCalgoritm_test.cpp(77,2): warning C4566: character represented by universal-character-name '\u05E0' cannot be represented in the current code page (1252)
C:\Users\USER\Desktop\shira tamir\ה.תוכנה\practicom\MultiDrone\Communication\Validation\CRCalgoritm_test.cpp(81,3): warning C4566: character represented by universal-character-name '\u05D4' cannot be represented in the current code page (1252)
C:\Users\USER\Desktop\shira tamir\ה.תוכנה\practicom\MultiDrone\Communication\Validation\CRCalgoritm_test.cpp(81,3): warning C4566: character represented by universal-character-name '\u05EA' cannot be represented in the current code page (1252)
C:\Users\USER\Desktop\shira tamir\ה.תוכנה\practicom\MultiDrone\Communication\Validation\CRCalgoritm_test.cpp(81,3): warning C4566: character represented by universal-character-name '\u05D5' cannot be represented in the current code page (1252)
C:\Users\USER\Desktop\shira tamir\ה.תוכנה\practicom\MultiDrone\Communication\Validation\CRCalgoritm_test.cpp(81,3): warning C4566: character represented by universal-character-name '\u05DB' cannot be represented in the current code page (1252)
C:\Users\USER\Desktop\shira tamir\ה.תוכנה\practicom\MultiDrone\Communication\Validation\CRCalgoritm_test.cpp(81,3): warning C4566: character represented by universal-character-name '\u05E0' cannot be represented in the current code page (1252)
C:\Users\USER\Desktop\shira tamir\ה.תוכנה\practicom\MultiDrone\Communication\Validation\CRCalgoritm_test.cpp(84,2): warning C4566: character represented by universal-character-name '\u05D4' cannot be represented in the current code page (1252)
C:\Users\USER\Desktop\shira tamir\ה.תוכנה\practicom\MultiDrone\Communication\Validation\CRCalgoritm_test.cpp(84,2): warning C4566: character represented by universal-character-name '\u05EA' cannot be represented in the current code page (1252)
C:\Users\USER\Desktop\shira tamir\ה.תוכנה\practicom\MultiDrone\Communication\Validation\CRCalgoritm_test.cpp(84,2): warning C4566: character represented by universal-character-name '\u05D5' cannot be represented in the current code page (1252)
C:\Users\USER\Desktop\shira tamir\ה.תוכנה\practicom\MultiDrone\Communication\Validation\CRCalgoritm_test.cpp(84,2): warning C4566: character represented by universal-character-name '\u05DB' cannot be represented in the current code page (1252)
C:\Users\USER\Desktop\shira tamir\ה.תוכנה\practicom\MultiDrone\Communication\Validation\CRCalgoritm_test.cpp(84,2): warning C4566: character represented by universal-character-name '\u05E0' cannot be represented in the current code page (1252)
C:\Users\USER\Desktop\shira tamir\ה.תוכנה\practicom\MultiDrone\Communication\Validation\CRCalgoritm_test.cpp(88,3): warning C4566: character represented by universal-character-name '\u05D4' cannot be represented in the current code page (1252)
C:\Users\USER\Desktop\shira tamir\ה.תוכנה\practicom\MultiDrone\Communication\Validation\CRCalgoritm_test.cpp(88,3): warning C4566: character represented by universal-character-name '\u05EA' cannot be represented in the current code page (1252)
C:\Users\USER\Desktop\shira tamir\ה.תוכנה\practicom\MultiDrone\Communication\Validation\CRCalgoritm_test.cpp(88,3): warning C4566: character represented by universal-character-name '\u05D5' cannot be represented in the current code page (1252)
C:\Users\USER\Desktop\shira tamir\ה.תוכנה\practicom\MultiDrone\Communication\Validation\CRCalgoritm_test.cpp(88,3): warning C4566: character represented by universal-character-name '\u05DB' cannot be represented in the current code page (1252)
C:\Users\USER\Desktop\shira tamir\ה.תוכנה\practicom\MultiDrone\Communication\Validation\CRCalgoritm_test.cpp(88,3): warning C4566: character represented by universal-character-name '\u05E0' cannot be represented in the current code page (1252)
C:\Users\USER\Desktop\shira tamir\ה.תוכנה\practicom\MultiDrone\Communication\Validation\CRCalgoritm_test.cpp(91,2): warning C4566: character represented by universal-character-name '\u05D4' cannot be represented in the current code page (1252)
C:\Users\USER\Desktop\shira tamir\ה.תוכנה\practicom\MultiDrone\Communication\Validation\CRCalgoritm_test.cpp(91,2): warning C4566: character represented by universal-character-name '\u05EA' cannot be represented in the current code page (1252)
C:\Users\USER\Desktop\shira tamir\ה.תוכנה\practicom\MultiDrone\Communication\Validation\CRCalgoritm_test.cpp(91,2): warning C4566: character represented by universal-character-name '\u05D5' cannot be represented in the current code page (1252)
C:\Users\USER\Desktop\shira tamir\ה.תוכנה\practicom\MultiDrone\Communication\Validation\CRCalgoritm_test.cpp(91,2): warning C4566: character represented by universal-character-name '\u05DB' cannot be represented in the current code page (1252)
C:\Users\USER\Desktop\shira tamir\ה.תוכנה\practicom\MultiDrone\Communication\Validation\CRCalgoritm_test.cpp(91,2): warning C4566: character represented by universal-character-name '\u05E0' cannot be represented in the current code page (1252)
C:\Users\USER\Desktop\shira tamir\ה.תוכנה\practicom\MultiDrone\Communication\Validation\CRCalgoritm_test.cpp(95,3): warning C4566: character represented by universal-character-name '\u05D4' cannot be represented in the current code page (1252)
C:\Users\USER\Desktop\shira tamir\ה.תוכנה\practicom\MultiDrone\Communication\Validation\CRCalgoritm_test.cpp(95,3): warning C4566: character represented by universal-character-name '\u05EA' cannot be represented in the current code page (1252)
C:\Users\USER\Desktop\shira tamir\ה.תוכנה\practicom\MultiDrone\Communication\Validation\CRCalgoritm_test.cpp(95,3): warning C4566: character represented by universal-character-name '\u05D5' cannot be represented in the current code page (1252)
C:\Users\USER\Desktop\shira tamir\ה.תוכנה\practicom\MultiDrone\Communication\Validation\CRCalgoritm_test.cpp(95,3): warning C4566: character represented by universal-character-name '\u05DB' cannot be represented in the current code page (1252)
C:\Users\USER\Desktop\shira tamir\ה.תוכנה\practicom\MultiDrone\Communication\Validation\CRCalgoritm_test.cpp(95,3): warning C4566: character represented by universal-character-name '\u05E0' cannot be represented in the current code page (1252)
  Generating Code...
  communication.vcxproj -> C:\Users\USER\Desktop\shira tamir\ה.תוכנה\practicom\MultiDrone\Communication\x64\Debug\communication.exe
